<?xml version="1.0" encoding="UTF-8"?>
<!-- Generated by org.testng.reporters.JUnitXMLReporter -->
<testsuite ignored="2" hostname="AMIT" failures="1" tests="4" name="Test_All" time="72.783" errors="0" timestamp="2022-07-22T12:47:21 IST">
  <testcase classname="com.mystore.testscripts.IndexPageTest" name="VerifyTitle" time="0.058"/>
  <testcase classname="com.mystore.testscripts.IndexPageTest" name="VerifymyStoreLogo" time="0.109"/>
  <testcase classname="com.mystore.testscripts.LoginPageTest" name="loginTest" time="10.067"/>
  <testcase classname="com.mystore.testscripts.LoginPageTest" name="loginTest" time="19.164">
    <failure type="java.lang.AssertionError" message="expected [http://automationpractice.com/index.php?controller=my-account] but found [http://automationpractice.com/index.php?controller=authentication]">
      <![CDATA[java.lang.AssertionError: expected [http://automationpractice.com/index.php?controller=my-account] but found [http://automationpractice.com/index.php?controller=authentication]
at com.mystore.testscripts.LoginPageTest.loginTest(LoginPageTest.java:44)
at java.base/java.util.ArrayList.forEach(ArrayList.java:1511)
... Removed 33 stack frames]]>
    </failure>
  </testcase> <!-- loginTest -->
  <testcase classname="com.mystore.base.BaseClass" name="@AfterSuite afterSuite" time="0.0">
    <ignored/>
  </testcase> <!-- @AfterSuite afterSuite -->
  <testcase classname="com.mystore.base.BaseClass" name="@BeforeSuite loadConfig" time="0.0">
    <ignored/>
  </testcase> <!-- @BeforeSuite loadConfig -->
</testsuite> <!-- Test_All -->
