<?xml version="1.0" encoding="UTF-8"?>
<testsuite name="TestSuite" time="10.238" tests="4" errors="0" skipped="0" failures="1">
  <properties>
[...]
</properties>
  <testcase name="VerifyTitle" classname="com.mystore.testscripts.IndexPageTest" time="0.062"/>
  <testcase name="VerifymyStoreLogo" classname="com.mystore.testscripts.IndexPageTest" time="0.109"/>
  <testcase name="loginTest" classname="com.mystore.testscripts.LoginPageTest" time="10.067"/>
  <testcase name="loginTest" classname="com.mystore.testscripts.LoginPageTest" time="19.167">
    <failure message="expected [http://automationpractice.com/index.php?controller=my-account] but found [http://automationpractice.com/index.php?controller=authentication]" type="java.lang.AssertionError">java.lang.AssertionError: expected [http://automationpractice.com/index.php?controller=my-account] but found [http://automationpractice.com/index.php?controller=authentication]
	at org.testng.Assert.fail(Assert.java:97)
	at org.testng.Assert.assertEqualsImpl(Assert.java:136)
	at org.testng.Assert.assertEquals(Assert.java:118)
	at org.testng.Assert.assertEquals(Assert.java:575)
	at org.testng.Assert.assertEquals(Assert.java:585)
	at com.mystore.testscripts.LoginPageTest.loginTest(LoginPageTest.java:44)
</failure>
    <system-out><![CDATA[ INFO [main] (Log.java:17)- ====================LoginPageTest TEST START =====================
 INFO [main] (Log.java:26)- Enter Username and Password
Successfully entered value
Successfully entered value
]]></system-out>
    <system-err><![CDATA[Starting ChromeDriver 103.0.5060.134 (8ec6fce403b3feb0869b0732eda8bd95011d333c-refs/branch-heads/5060@{#1262}) on port 38309
Only local connections are allowed.
Please see https://chromedriver.chromium.org/security-considerations for suggestions on keeping ChromeDriver safe.
ChromeDriver was started successfully.
Jul 22, 2022 12:46:53 PM org.openqa.selenium.remote.ProtocolHandshake createSession
INFO: Detected dialect: W3C
]]></system-err>
  </testcase>
</testsuite>